[INFO] Scanning for projects...
[INFO] 
[INFO] -----------------------< lama.activity-3:Market >-----------------------
[INFO] Building Market 0.0.1-SNAPSHOT
[INFO] --------------------------------[ jar ]---------------------------------
[INFO] 
[INFO] >>> spring-boot-maven-plugin:2.6.6:run (default-cli) > test-compile @ Market >>>
[WARNING] The POM for lama.activity-3:CardDTO:jar:0.0.1-SNAPSHOT is missing, no dependency information available
[WARNING] The POM for lama.activity-3:PlayerDTO:jar:0.0.1-SNAPSHOT is missing, no dependency information available
[INFO] ------------------------------------------------------------------------
[INFO] BUILD FAILURE
[INFO] ------------------------------------------------------------------------
[INFO] Total time:  1.836 s
[INFO] Finished at: 2022-05-11T15:35:04+02:00
[INFO] ------------------------------------------------------------------------
[ERROR] Failed to execute goal on project Market: Could not resolve dependencies for project lama.activity-3:Market:jar:0.0.1-SNAPSHOT: The following artifacts could not be resolved: lama.activity-3:CardDTO:jar:0.0.1-SNAPSHOT, lama.activity-3:PlayerDTO:jar:0.0.1-SNAPSHOT: Could not find artifact lama.activity-3:CardDTO:jar:0.0.1-SNAPSHOT -> [Help 1]
[ERROR] 
[ERROR] To see the full stack trace of the errors, re-run Maven with the -e switch.
[ERROR] Re-run Maven using the -X switch to enable full debug logging.
[ERROR] 
[ERROR] For more information about the errors and possible solutions, please read the following articles:
[ERROR] [Help 1] http://cwiki.apache.org/confluence/display/MAVEN/DependencyResolutionException
[INFO] Scanning for projects...
[INFO] 
[INFO] -----------------------< lama.activity-3:Market >-----------------------
[INFO] Building Market 0.0.1-SNAPSHOT
[INFO] --------------------------------[ jar ]---------------------------------
[INFO] 
[INFO] >>> spring-boot-maven-plugin:2.6.6:run (default-cli) > test-compile @ Market >>>
[WARNING] The POM for lama.activity-3:CardDTO:jar:0.0.1-SNAPSHOT is missing, no dependency information available
[WARNING] The POM for lama.activity-3:PlayerDTO:jar:0.0.1-SNAPSHOT is missing, no dependency information available
[INFO] ------------------------------------------------------------------------
[INFO] BUILD FAILURE
[INFO] ------------------------------------------------------------------------
[INFO] Total time:  0.432 s
[INFO] Finished at: 2022-05-11T15:41:18+02:00
[INFO] ------------------------------------------------------------------------
[ERROR] Failed to execute goal on project Market: Could not resolve dependencies for project lama.activity-3:Market:jar:0.0.1-SNAPSHOT: The following artifacts could not be resolved: lama.activity-3:CardDTO:jar:0.0.1-SNAPSHOT, lama.activity-3:PlayerDTO:jar:0.0.1-SNAPSHOT: Could not find artifact lama.activity-3:CardDTO:jar:0.0.1-SNAPSHOT -> [Help 1]
[ERROR] 
[ERROR] To see the full stack trace of the errors, re-run Maven with the -e switch.
[ERROR] Re-run Maven using the -X switch to enable full debug logging.
[ERROR] 
[ERROR] For more information about the errors and possible solutions, please read the following articles:
[ERROR] [Help 1] http://cwiki.apache.org/confluence/display/MAVEN/DependencyResolutionException
[INFO] Scanning for projects...
[INFO] 
[INFO] -----------------------< lama.activity-3:Market >-----------------------
[INFO] Building Market 0.0.1-SNAPSHOT
[INFO] --------------------------------[ jar ]---------------------------------
[INFO] 
[INFO] >>> spring-boot-maven-plugin:2.6.6:run (default-cli) > test-compile @ Market >>>
[WARNING] The POM for lama.activity-3:CardDTO:jar:0.0.1-SNAPSHOT is missing, no dependency information available
[WARNING] The POM for lama.activity-3:PlayerDTO:jar:0.0.1-SNAPSHOT is missing, no dependency information available
[INFO] ------------------------------------------------------------------------
[INFO] BUILD FAILURE
[INFO] ------------------------------------------------------------------------
[INFO] Total time:  0.404 s
[INFO] Finished at: 2022-05-11T15:47:57+02:00
[INFO] ------------------------------------------------------------------------
[ERROR] Failed to execute goal on project Market: Could not resolve dependencies for project lama.activity-3:Market:jar:0.0.1-SNAPSHOT: The following artifacts could not be resolved: lama.activity-3:CardDTO:jar:0.0.1-SNAPSHOT, lama.activity-3:PlayerDTO:jar:0.0.1-SNAPSHOT: Could not find artifact lama.activity-3:CardDTO:jar:0.0.1-SNAPSHOT -> [Help 1]
[ERROR] 
[ERROR] To see the full stack trace of the errors, re-run Maven with the -e switch.
[ERROR] Re-run Maven using the -X switch to enable full debug logging.
[ERROR] 
[ERROR] For more information about the errors and possible solutions, please read the following articles:
[ERROR] [Help 1] http://cwiki.apache.org/confluence/display/MAVEN/DependencyResolutionException
[INFO] Scanning for projects...
[INFO] 
[INFO] -----------------------< lama.activity-3:Market >-----------------------
[INFO] Building Market 0.0.1-SNAPSHOT
[INFO] --------------------------------[ jar ]---------------------------------
[INFO] 
[INFO] >>> spring-boot-maven-plugin:2.6.6:run (default-cli) > test-compile @ Market >>>
[WARNING] The POM for lama.activity-3:CardDTO:jar:0.0.1-SNAPSHOT is missing, no dependency information available
[WARNING] The POM for lama.activity-3:PlayerDTO:jar:0.0.1-SNAPSHOT is missing, no dependency information available
[INFO] ------------------------------------------------------------------------
[INFO] BUILD FAILURE
[INFO] ------------------------------------------------------------------------
[INFO] Total time:  0.458 s
[INFO] Finished at: 2022-05-11T15:56:46+02:00
[INFO] ------------------------------------------------------------------------
[ERROR] Failed to execute goal on project Market: Could not resolve dependencies for project lama.activity-3:Market:jar:0.0.1-SNAPSHOT: The following artifacts could not be resolved: lama.activity-3:CardDTO:jar:0.0.1-SNAPSHOT, lama.activity-3:PlayerDTO:jar:0.0.1-SNAPSHOT: Could not find artifact lama.activity-3:CardDTO:jar:0.0.1-SNAPSHOT -> [Help 1]
[ERROR] 
[ERROR] To see the full stack trace of the errors, re-run Maven with the -e switch.
[ERROR] Re-run Maven using the -X switch to enable full debug logging.
[ERROR] 
[ERROR] For more information about the errors and possible solutions, please read the following articles:
[ERROR] [Help 1] http://cwiki.apache.org/confluence/display/MAVEN/DependencyResolutionException
[INFO] Scanning for projects...
[INFO] 
[INFO] -----------------------< lama.activity-3:Market >-----------------------
[INFO] Building Market 0.0.1-SNAPSHOT
[INFO] --------------------------------[ jar ]---------------------------------
[INFO] 
[INFO] >>> spring-boot-maven-plugin:2.6.6:run (default-cli) > test-compile @ Market >>>
[INFO] 
[INFO] --- maven-resources-plugin:3.2.0:resources (default-resources) @ Market ---
[INFO] Using 'UTF-8' encoding to copy filtered resources.
[INFO] Using 'UTF-8' encoding to copy filtered properties files.
[INFO] Copying 1 resource
[INFO] Copying 0 resource
[INFO] 
[INFO] --- maven-compiler-plugin:3.8.1:compile (default-compile) @ Market ---
[INFO] Nothing to compile - all classes are up to date
[INFO] 
[INFO] --- maven-resources-plugin:3.2.0:testResources (default-testResources) @ Market ---
[INFO] Using 'UTF-8' encoding to copy filtered resources.
[INFO] Using 'UTF-8' encoding to copy filtered properties files.
[INFO] skip non existing resourceDirectory /home/martin/Documents/Architecture logicielle/TP3/LAMA-Activity-3/MicroServices/MarketService/src/test/resources
[INFO] 
[INFO] --- maven-compiler-plugin:3.8.1:testCompile (default-testCompile) @ Market ---
[INFO] Nothing to compile - all classes are up to date
[INFO] 
[INFO] <<< spring-boot-maven-plugin:2.6.6:run (default-cli) < test-compile @ Market <<<
[INFO] 
[INFO] 
[INFO] --- spring-boot-maven-plugin:2.6.6:run (default-cli) @ Market ---
[INFO] Attaching agents: []

  .   ____          _            __ _ _
 /\\ / ___'_ __ _ _(_)_ __  __ _ \ \ \ \
( ( )\___ | '_ | '_| | '_ \/ _` | \ \ \ \
 \\/  ___)| |_)| | | | | || (_| |  ) ) ) )
  '  |____| .__|_| |_|_| |_\__, | / / / /
 =========|_|==============|___/=/_/_/_/
 :: Spring Boot ::                (v2.6.6)

2022-05-11 16:04:22.055  INFO 19939 --- [           main] lama.activity3.Market.MarketApplication  : Starting MarketApplication using Java 11.0.15 on Manjaro-Martin with PID 19939 (/home/martin/Documents/Architecture logicielle/TP3/LAMA-Activity-3/MicroServices/MarketService/target/classes started by martin in /home/martin/Documents/Architecture logicielle/TP3/LAMA-Activity-3/MicroServices/MarketService)
2022-05-11 16:04:22.058  INFO 19939 --- [           main] lama.activity3.Market.MarketApplication  : No active profile set, falling back to 1 default profile: "default"
2022-05-11 16:04:22.866  INFO 19939 --- [           main] .s.d.r.c.RepositoryConfigurationDelegate : Bootstrapping Spring Data JPA repositories in DEFAULT mode.
2022-05-11 16:04:22.881  INFO 19939 --- [           main] .s.d.r.c.RepositoryConfigurationDelegate : Finished Spring Data repository scanning in 6 ms. Found 0 JPA repository interfaces.
2022-05-11 16:04:23.393  INFO 19939 --- [           main] o.s.b.w.embedded.tomcat.TomcatWebServer  : Tomcat initialized with port(s): 8081 (http)
2022-05-11 16:04:23.406  INFO 19939 --- [           main] o.apache.catalina.core.StandardService   : Starting service [Tomcat]
2022-05-11 16:04:23.407  INFO 19939 --- [           main] org.apache.catalina.core.StandardEngine  : Starting Servlet engine: [Apache Tomcat/9.0.60]
2022-05-11 16:04:23.521  INFO 19939 --- [           main] o.a.c.c.C.[Tomcat].[localhost].[/]       : Initializing Spring embedded WebApplicationContext
2022-05-11 16:04:23.521  INFO 19939 --- [           main] w.s.c.ServletWebServerApplicationContext : Root WebApplicationContext: initialization completed in 1354 ms
2022-05-11 16:04:23.706  INFO 19939 --- [           main] com.zaxxer.hikari.HikariDataSource       : HikariPool-1 - Starting...
2022-05-11 16:04:23.830  INFO 19939 --- [           main] com.zaxxer.hikari.HikariDataSource       : HikariPool-1 - Start completed.
2022-05-11 16:04:23.898  INFO 19939 --- [           main] o.hibernate.jpa.internal.util.LogHelper  : HHH000204: Processing PersistenceUnitInfo [name: default]
2022-05-11 16:04:23.938  INFO 19939 --- [           main] org.hibernate.Version                    : HHH000412: Hibernate ORM core version 5.6.7.Final
2022-05-11 16:04:24.023  INFO 19939 --- [           main] o.hibernate.annotations.common.Version   : HCANN000001: Hibernate Commons Annotations {5.1.2.Final}
2022-05-11 16:04:24.085  INFO 19939 --- [           main] org.hibernate.dialect.Dialect            : HHH000400: Using dialect: org.hibernate.dialect.H2Dialect
2022-05-11 16:04:24.261  INFO 19939 --- [           main] o.h.e.t.j.p.i.JtaPlatformInitiator       : HHH000490: Using JtaPlatform implementation: [org.hibernate.engine.transaction.jta.platform.internal.NoJtaPlatform]
2022-05-11 16:04:24.267  INFO 19939 --- [           main] j.LocalContainerEntityManagerFactoryBean : Initialized JPA EntityManagerFactory for persistence unit 'default'
2022-05-11 16:04:24.327  WARN 19939 --- [           main] JpaBaseConfiguration$JpaWebConfiguration : spring.jpa.open-in-view is enabled by default. Therefore, database queries may be performed during view rendering. Explicitly configure spring.jpa.open-in-view to disable this warning
2022-05-11 16:04:24.744  WARN 19939 --- [           main] ConfigServletWebServerApplicationContext : Exception encountered during context initialization - cancelling refresh attempt: org.springframework.context.ApplicationContextException: Failed to start bean 'webServerStartStop'; nested exception is org.springframework.boot.web.server.WebServerException: Unable to start embedded Tomcat server
2022-05-11 16:04:24.745  INFO 19939 --- [           main] j.LocalContainerEntityManagerFactoryBean : Closing JPA EntityManagerFactory for persistence unit 'default'
2022-05-11 16:04:24.746  INFO 19939 --- [           main] .SchemaDropperImpl$DelayedDropActionImpl : HHH000477: Starting delayed evictData of schema as part of SessionFactory shut-down'
2022-05-11 16:04:24.748  INFO 19939 --- [           main] com.zaxxer.hikari.HikariDataSource       : HikariPool-1 - Shutdown initiated...
2022-05-11 16:04:24.752  INFO 19939 --- [           main] com.zaxxer.hikari.HikariDataSource       : HikariPool-1 - Shutdown completed.
2022-05-11 16:04:24.755  INFO 19939 --- [           main] o.apache.catalina.core.StandardService   : Stopping service [Tomcat]
2022-05-11 16:04:24.766  INFO 19939 --- [           main] ConditionEvaluationReportLoggingListener : 

Error starting ApplicationContext. To display the conditions report re-run your application with 'debug' enabled.
2022-05-11 16:04:24.783 ERROR 19939 --- [           main] o.s.boot.SpringApplication               : Application run failed

org.springframework.context.ApplicationContextException: Failed to start bean 'webServerStartStop'; nested exception is org.springframework.boot.web.server.WebServerException: Unable to start embedded Tomcat server
	at org.springframework.context.support.DefaultLifecycleProcessor.doStart(DefaultLifecycleProcessor.java:181) ~[spring-context-5.3.18.jar:5.3.18]
	at org.springframework.context.support.DefaultLifecycleProcessor.access$200(DefaultLifecycleProcessor.java:54) ~[spring-context-5.3.18.jar:5.3.18]
	at org.springframework.context.support.DefaultLifecycleProcessor$LifecycleGroup.start(DefaultLifecycleProcessor.java:356) ~[spring-context-5.3.18.jar:5.3.18]
	at java.base/java.lang.Iterable.forEach(Iterable.java:75) ~[na:na]
	at org.springframework.context.support.DefaultLifecycleProcessor.startBeans(DefaultLifecycleProcessor.java:155) ~[spring-context-5.3.18.jar:5.3.18]
	at org.springframework.context.support.DefaultLifecycleProcessor.onRefresh(DefaultLifecycleProcessor.java:123) ~[spring-context-5.3.18.jar:5.3.18]
	at org.springframework.context.support.AbstractApplicationContext.finishRefresh(AbstractApplicationContext.java:935) ~[spring-context-5.3.18.jar:5.3.18]
	at org.springframework.context.support.AbstractApplicationContext.refresh(AbstractApplicationContext.java:586) ~[spring-context-5.3.18.jar:5.3.18]
	at org.springframework.boot.web.servlet.context.ServletWebServerApplicationContext.refresh(ServletWebServerApplicationContext.java:145) ~[spring-boot-2.6.6.jar:2.6.6]
	at org.springframework.boot.SpringApplication.refresh(SpringApplication.java:740) ~[spring-boot-2.6.6.jar:2.6.6]
	at org.springframework.boot.SpringApplication.refreshContext(SpringApplication.java:415) ~[spring-boot-2.6.6.jar:2.6.6]
	at org.springframework.boot.SpringApplication.run(SpringApplication.java:303) ~[spring-boot-2.6.6.jar:2.6.6]
	at org.springframework.boot.SpringApplication.run(SpringApplication.java:1312) ~[spring-boot-2.6.6.jar:2.6.6]
	at org.springframework.boot.SpringApplication.run(SpringApplication.java:1301) ~[spring-boot-2.6.6.jar:2.6.6]
	at lama.activity3.Market.MarketApplication.main(MarketApplication.java:10) ~[classes/:na]
Caused by: org.springframework.boot.web.server.WebServerException: Unable to start embedded Tomcat server
	at org.springframework.boot.web.embedded.tomcat.TomcatWebServer.start(TomcatWebServer.java:229) ~[spring-boot-2.6.6.jar:2.6.6]
	at org.springframework.boot.web.servlet.context.WebServerStartStopLifecycle.start(WebServerStartStopLifecycle.java:43) ~[spring-boot-2.6.6.jar:2.6.6]
	at org.springframework.context.support.DefaultLifecycleProcessor.doStart(DefaultLifecycleProcessor.java:178) ~[spring-context-5.3.18.jar:5.3.18]
	... 14 common frames omitted
Caused by: java.lang.IllegalArgumentException: standardService.connector.startFailed
	at org.apache.catalina.core.StandardService.addConnector(StandardService.java:238) ~[tomcat-embed-core-9.0.60.jar:9.0.60]
	at org.springframework.boot.web.embedded.tomcat.TomcatWebServer.addPreviouslyRemovedConnectors(TomcatWebServer.java:282) ~[spring-boot-2.6.6.jar:2.6.6]
	at org.springframework.boot.web.embedded.tomcat.TomcatWebServer.start(TomcatWebServer.java:213) ~[spring-boot-2.6.6.jar:2.6.6]
	... 16 common frames omitted
Caused by: org.apache.catalina.LifecycleException: Protocol handler start failed
	at org.apache.catalina.connector.Connector.startInternal(Connector.java:1075) ~[tomcat-embed-core-9.0.60.jar:9.0.60]
	at org.apache.catalina.util.LifecycleBase.start(LifecycleBase.java:183) ~[tomcat-embed-core-9.0.60.jar:9.0.60]
	at org.apache.catalina.core.StandardService.addConnector(StandardService.java:234) ~[tomcat-embed-core-9.0.60.jar:9.0.60]
	... 18 common frames omitted
Caused by: java.net.BindException: Adresse déjà utilisée
	at java.base/sun.nio.ch.Net.bind0(Native Method) ~[na:na]
	at java.base/sun.nio.ch.Net.bind(Net.java:459) ~[na:na]
	at java.base/sun.nio.ch.Net.bind(Net.java:448) ~[na:na]
	at java.base/sun.nio.ch.ServerSocketChannelImpl.bind(ServerSocketChannelImpl.java:227) ~[na:na]
	at org.apache.tomcat.util.net.NioEndpoint.initServerSocket(NioEndpoint.java:274) ~[tomcat-embed-core-9.0.60.jar:9.0.60]
	at org.apache.tomcat.util.net.NioEndpoint.bind(NioEndpoint.java:229) ~[tomcat-embed-core-9.0.60.jar:9.0.60]
	at org.apache.tomcat.util.net.AbstractEndpoint.bindWithCleanup(AbstractEndpoint.java:1227) ~[tomcat-embed-core-9.0.60.jar:9.0.60]
	at org.apache.tomcat.util.net.AbstractEndpoint.start(AbstractEndpoint.java:1313) ~[tomcat-embed-core-9.0.60.jar:9.0.60]
	at org.apache.coyote.AbstractProtocol.start(AbstractProtocol.java:614) ~[tomcat-embed-core-9.0.60.jar:9.0.60]
	at org.apache.catalina.connector.Connector.startInternal(Connector.java:1072) ~[tomcat-embed-core-9.0.60.jar:9.0.60]
	... 20 common frames omitted

[INFO] ------------------------------------------------------------------------
[INFO] BUILD FAILURE
[INFO] ------------------------------------------------------------------------
[INFO] Total time:  7.994 s
[INFO] Finished at: 2022-05-11T16:04:24+02:00
[INFO] ------------------------------------------------------------------------
[ERROR] Failed to execute goal org.springframework.boot:spring-boot-maven-plugin:2.6.6:run (default-cli) on project Market: Application finished with exit code: 1 -> [Help 1]
[ERROR] 
[ERROR] To see the full stack trace of the errors, re-run Maven with the -e switch.
[ERROR] Re-run Maven using the -X switch to enable full debug logging.
[ERROR] 
[ERROR] For more information about the errors and possible solutions, please read the following articles:
[ERROR] [Help 1] http://cwiki.apache.org/confluence/display/MAVEN/MojoExecutionException
